This is pdfTeX, Version 3.14159265-2.6-1.40.16 (MiKTeX 2.9) (preloaded format=pdflatex 2015.9.22)  23 SEP 2015 00:11
entering extended mode
**C:/Users/João/Documents/GitHub/Dissertation/thesis-main.tex
(C:/Users/João/Documents/GitHub/Dissertation/thesis-main.tex
LaTeX2e <2015/01/01> patch level 2
Babel <3.9m> and hyphenation patterns for 69 languages loaded.
("C:\Program Files (x86)\MiKTeX 2.9\tex\latex\base\book.cls"
Document Class: book 2014/09/29 v1.4h Standard LaTeX document class
("C:\Program Files (x86)\MiKTeX 2.9\tex\latex\base\bk11.clo"
File: bk11.clo 2014/09/29 v1.4h Standard LaTeX file (size option)
)
\c@part=\count79
\c@chapter=\count80
\c@section=\count81
\c@subsection=\count82
\c@subsubsection=\count83
\c@paragraph=\count84
\c@subparagraph=\count85
\c@figure=\count86
\c@table=\count87
\abovecaptionskip=\skip41
\belowcaptionskip=\skip42
\bibindent=\dimen102
) (thesisdavid.sty
Package: thesisdavid 2009/06/14 21:04 O estilo de tese todo kitado do David pro
cessado pelo ``super de origem'' luis!
("C:\Program Files (x86)\MiKTeX 2.9\tex\latex\graphics\graphicx.sty"
Package: graphicx 2014/10/28 v1.0g Enhanced LaTeX Graphics (DPC,SPQR)
("C:\Program Files (x86)\MiKTeX 2.9\tex\latex\graphics\keyval.sty"
Package: keyval 2014/10/28 v1.15 key=value parser (DPC)
\KV@toks@=\toks14
) ("C:\Program Files (x86)\MiKTeX 2.9\tex\latex\graphics\graphics.sty"
Package: graphics 2014/10/28 v1.0p Standard LaTeX Graphics (DPC,SPQR)
("C:\Program Files (x86)\MiKTeX 2.9\tex\latex\graphics\trig.sty"
Package: trig 1999/03/16 v1.09 sin cos tan (DPC)
) ("C:\Program Files (x86)\MiKTeX 2.9\tex\latex\00miktex\graphics.cfg"
File: graphics.cfg 2007/01/18 v1.5 graphics configuration of teTeX/TeXLive
)
Package graphics Info: Driver file: pdftex.def on input line 94.
("C:\Program Files (x86)\MiKTeX 2.9\tex\latex\pdftex-def\pdftex.def"
File: pdftex.def 2011/05/27 v0.06d Graphics/color for pdfTeX
("C:\Program Files (x86)\MiKTeX 2.9\tex\generic\oberdiek\infwarerr.sty"
Package: infwarerr 2010/04/08 v1.3 Providing info/warning/error messages (HO)
) ("C:\Program Files (x86)\MiKTeX 2.9\tex\generic\oberdiek\ltxcmds.sty"
Package: ltxcmds 2011/11/09 v1.22 LaTeX kernel commands for general use (HO)
)
\Gread@gobject=\count88
))
\Gin@req@height=\dimen103
\Gin@req@width=\dimen104
) ("C:\Program Files (x86)\MiKTeX 2.9\tex\latex\graphics\color.sty"
Package: color 2014/10/28 v1.1a Standard LaTeX Color (DPC)
("C:\Program Files (x86)\MiKTeX 2.9\tex\latex\00miktex\color.cfg"
File: color.cfg 2007/01/18 v1.5 color configuration of teTeX/TeXLive
)
Package color Info: Driver file: pdftex.def on input line 142.
) (doublespace.sty) ("C:\Program Files (x86)\MiKTeX 2.9\tex\latex\chicago\chica
go.sty"
Using Chicago Manual of Style bibliography: 31 August 1992
\bibhang=\skip43
\bibindent=\dimen105
) ("C:\Program Files (x86)\MiKTeX 2.9\tex\latex\amsmath\amsmath.sty"
Package: amsmath 2013/01/14 v2.14 AMS math features
\@mathmargin=\skip44
For additional information on amsmath, use the `?' option.
("C:\Program Files (x86)\MiKTeX 2.9\tex\latex\amsmath\amstext.sty"
Package: amstext 2000/06/29 v2.01
("C:\Program Files (x86)\MiKTeX 2.9\tex\latex\amsmath\amsgen.sty"
File: amsgen.sty 1999/11/30 v2.0
\@emptytoks=\toks15
\ex@=\dimen106
)) ("C:\Program Files (x86)\MiKTeX 2.9\tex\latex\amsmath\amsbsy.sty"
Package: amsbsy 1999/11/29 v1.2d
\pmbraise@=\dimen107
) ("C:\Program Files (x86)\MiKTeX 2.9\tex\latex\amsmath\amsopn.sty"
Package: amsopn 1999/12/14 v2.01 operator names
)
\inf@bad=\count89
LaTeX Info: Redefining \frac on input line 210.
\uproot@=\count90
\leftroot@=\count91
LaTeX Info: Redefining \overline on input line 306.
\classnum@=\count92
\DOTSCASE@=\count93
LaTeX Info: Redefining \ldots on input line 378.
LaTeX Info: Redefining \dots on input line 381.
LaTeX Info: Redefining \cdots on input line 466.
\Mathstrutbox@=\box26
\strutbox@=\box27
\big@size=\dimen108
LaTeX Font Info:    Redeclaring font encoding OML on input line 566.
LaTeX Font Info:    Redeclaring font encoding OMS on input line 567.
\macc@depth=\count94
\c@MaxMatrixCols=\count95
\dotsspace@=\muskip10
\c@parentequation=\count96
\dspbrk@lvl=\count97
\tag@help=\toks16
\row@=\count98
\column@=\count99
\maxfields@=\count100
\andhelp@=\toks17
\eqnshift@=\dimen109
\alignsep@=\dimen110
\tagshift@=\dimen111
\tagwidth@=\dimen112
\totwidth@=\dimen113
\lineht@=\dimen114
\@envbody=\toks18
\multlinegap=\skip45
\multlinetaggap=\skip46
\mathdisplay@stack=\toks19
LaTeX Info: Redefining \[ on input line 2665.
LaTeX Info: Redefining \] on input line 2666.
) ("C:\Program Files (x86)\MiKTeX 2.9\tex\latex\amsfonts\amssymb.sty"
Package: amssymb 2013/01/14 v3.01 AMS font symbols
("C:\Program Files (x86)\MiKTeX 2.9\tex\latex\amsfonts\amsfonts.sty"
Package: amsfonts 2013/01/14 v3.01 Basic AMSFonts support
\symAMSa=\mathgroup4
\symAMSb=\mathgroup5
LaTeX Font Info:    Overwriting math alphabet `\mathfrak' in version `bold'
(Font)                  U/euf/m/n --> U/euf/b/n on input line 106.
)) ("C:\Program Files (x86)\MiKTeX 2.9\tex\latex\psnfss\courier.sty"
Package: courier 2005/04/12 PSNFSS-v9.2a (WaS) 
)
\s@ch@@ghtb@x=\box28
\@nv@s@bl@=\box29
) ("C:\Program Files (x86)\MiKTeX 2.9\tex\latex\base\inputenc.sty"
Package: inputenc 2015/03/17 v1.2c Input encoding file
\inpenc@prehook=\toks20
\inpenc@posthook=\toks21
("C:\Program Files (x86)\MiKTeX 2.9\tex\latex\base\latin1.def"
File: latin1.def 2015/03/17 v1.2c Input encoding file
)) ("C:\Program Files (x86)\MiKTeX 2.9\tex\latex\subfigure\subfigure.sty"
Package: subfigure 2002/07/30 v2.1.4 subfigure package
\subfigtopskip=\skip47
\subfigcapskip=\skip48
\subfigcaptopadj=\dimen115
\subfigbottomskip=\skip49
\subfigcapmargin=\dimen116
\subfiglabelskip=\skip50
\c@subfigure=\count101
\c@lofdepth=\count102
\c@subtable=\count103
\c@lotdepth=\count104
****************************************
* Local config file subfigure.cfg used *
****************************************
("C:\Program Files (x86)\MiKTeX 2.9\tex\latex\subfigure\subfigure.cfg")
\subfig@top=\skip51
\subfig@bottom=\skip52
) ("C:\Program Files (x86)\MiKTeX 2.9\tex\generic\babel\babel.sty"
Package: babel 2015/08/03 3.9m The Babel package
*************************************
* Local config file bblopts.cfg used
*
("C:\Program Files (x86)\MiKTeX 2.9\tex\latex\00miktex\bblopts.cfg"
File: bblopts.cfg 2006/07/31 v1.0 MiKTeX 'babel' configuration
) ("C:\Program Files (x86)\MiKTeX 2.9\tex\latex\babel-english\english.ldf"
Language: english 2012/08/20 v3.3p English support from the babel system
("C:\Program Files (x86)\MiKTeX 2.9\tex\generic\babel\babel.def"
File: babel.def 2015/08/03 3.9m Babel common definitions
\babel@savecnt=\count105
\U@D=\dimen117
)
\l@canadian = a dialect from \language\l@american 
\l@australian = a dialect from \language\l@british 
\l@newzealand = a dialect from \language\l@british 
)) ("C:\Program Files (x86)\MiKTeX 2.9\tex\latex\url\url.sty"
\Urlmuskip=\muskip11
Package: url 2013/09/16  ver 3.4  Verb mode for urls, etc.
) ("C:\Program Files (x86)\MiKTeX 2.9\tex\latex\graphics\epsfig.sty"
Package: epsfig 1999/02/16 v1.7a (e)psfig emulation (SPQR)
\epsfxsize=\dimen118
\epsfysize=\dimen119
) ("C:\Program Files (x86)\MiKTeX 2.9\tex\latex\oberdiek\epstopdf.sty"
Package: epstopdf 2010/02/09 v2.5 Conversion with epstopdf on the fly (HO)
("C:\Program Files (x86)\MiKTeX 2.9\tex\latex\oberdiek\epstopdf-base.sty"
Package: epstopdf-base 2010/02/09 v2.5 Base part for package epstopdf
("C:\Program Files (x86)\MiKTeX 2.9\tex\latex\oberdiek\grfext.sty"
Package: grfext 2010/08/19 v1.1 Manage graphics extensions (HO)
("C:\Program Files (x86)\MiKTeX 2.9\tex\generic\oberdiek\kvdefinekeys.sty"
Package: kvdefinekeys 2011/04/07 v1.3 Define keys (HO)
)) ("C:\Program Files (x86)\MiKTeX 2.9\tex\latex\oberdiek\kvoptions.sty"
Package: kvoptions 2011/06/30 v3.11 Key value format for package options (HO)
("C:\Program Files (x86)\MiKTeX 2.9\tex\generic\oberdiek\kvsetkeys.sty"
Package: kvsetkeys 2012/04/25 v1.16 Key value parser (HO)
("C:\Program Files (x86)\MiKTeX 2.9\tex\generic\oberdiek\etexcmds.sty"
Package: etexcmds 2011/02/16 v1.5 Avoid name clashes with e-TeX commands (HO)
("C:\Program Files (x86)\MiKTeX 2.9\tex\generic\oberdiek\ifluatex.sty"
Package: ifluatex 2010/03/01 v1.3 Provides the ifluatex switch (HO)
Package ifluatex Info: LuaTeX not detected.
)
Package etexcmds Info: Could not find \expanded.
(etexcmds)             That can mean that you are not using pdfTeX 1.50 or
(etexcmds)             that some package has redefined \expanded.
(etexcmds)             In the latter case, load this package earlier.
))) ("C:\Program Files (x86)\MiKTeX 2.9\tex\generic\oberdiek\pdftexcmds.sty"
Package: pdftexcmds 2011/11/29 v0.20 Utility functions of pdfTeX for LuaTeX (HO
)
("C:\Program Files (x86)\MiKTeX 2.9\tex\generic\oberdiek\ifpdf.sty"
Package: ifpdf 2011/01/30 v2.3 Provides the ifpdf switch (HO)
Package ifpdf Info: pdfTeX in PDF mode is detected.
)
Package pdftexcmds Info: LuaTeX not detected.
Package pdftexcmds Info: \pdf@primitive is available.
Package pdftexcmds Info: \pdf@ifprimitive is available.
Package pdftexcmds Info: \pdfdraftmode found.
)
Package grfext Info: Graphics extension search list:
(grfext)             [.png,.pdf,.jpg,.mps,.jpeg,.jbig2,.jb2,.PNG,.PDF,.JPG,.JPE
G,.JBIG2,.JB2,.eps]
(grfext)             \AppendGraphicsExtensions on input line 452.
)) ("C:\Program Files (x86)\MiKTeX 2.9\tex\latex\base\makeidx.sty"
Package: makeidx 2014/09/29 v1.0m Standard LaTeX package
) ("C:\Program Files (x86)\MiKTeX 2.9\tex\latex\multirow\multirow.sty"
\bigstrutjot=\dimen120
) ("C:\Program Files (x86)\MiKTeX 2.9\tex\latex\tools\indentfirst.sty"
Package: indentfirst 1995/11/23 v1.03 Indent first paragraph (DPC)
) ("C:\Program Files (x86)\MiKTeX 2.9\tex\latex\caption\caption.sty"
Package: caption 2013/05/02 v3.3-89 Customizing captions (AR)
("C:\Program Files (x86)\MiKTeX 2.9\tex\latex\caption\caption3.sty"
Package: caption3 2013/05/02 v1.6-88 caption3 kernel (AR)
Package caption3 Info: TeX engine: e-TeX on input line 57.
\captionmargin=\dimen121
\captionmargin@=\dimen122
\captionwidth=\dimen123
\caption@tempdima=\dimen124
\caption@indent=\dimen125
\caption@parindent=\dimen126
\caption@hangindent=\dimen127
)
\c@ContinuedFloat=\count106
Package caption Info: subfigure package is loaded.
) ("C:\Program Files (x86)\MiKTeX 2.9\tex\latex\colortbl\colortbl.sty"
Package: colortbl 2012/02/13 v1.0a Color table columns (DPC)
("C:\Program Files (x86)\MiKTeX 2.9\tex\latex\tools\array.sty"
Package: array 2014/10/28 v2.4c Tabular extension package (FMi)
\col@sep=\dimen128
\extrarowheight=\dimen129
\NC@list=\toks22
\extratabsurround=\skip53
\backup@length=\skip54
)
\everycr=\toks23
\minrowclearance=\skip55
) ("C:\Program Files (x86)\MiKTeX 2.9\tex\latex\adjustbox\adjustbox.sty"
Package: adjustbox 2012/05/21 v1.0 Adjusting TeX boxes (trim, clip, ...)
("C:\Program Files (x86)\MiKTeX 2.9\tex\latex\xkeyval\xkeyval.sty"
Package: xkeyval 2014/12/03 v2.7a package option processing (HA)
("C:\Program Files (x86)\MiKTeX 2.9\tex\generic\xkeyval\xkeyval.tex" ("C:\Progr
am Files (x86)\MiKTeX 2.9\tex\generic\xkeyval\xkvutils.tex"
\XKV@toks=\toks24
\XKV@tempa@toks=\toks25
)
\XKV@depth=\count107
File: xkeyval.tex 2014/12/03 v2.7a key=value parser (HA)
)) ("C:\Program Files (x86)\MiKTeX 2.9\tex\latex\adjustbox\adjcalc.sty"
Package: adjcalc 2012/05/16 v1.1 Provides advanced setlength with multiple back
-ends (calc, etex, pgfmath)
) ("C:\Program Files (x86)\MiKTeX 2.9\tex\latex\adjustbox\trimclip.sty"
Package: trimclip 2012/05/16 v1.0 Trim and clip general TeX material
("C:\Program Files (x86)\MiKTeX 2.9\tex\latex\collectbox\collectbox.sty"
Package: collectbox 2012/05/17 v0.4b Collect macro arguments as boxes
\collectedbox=\box30
)
\tc@llx=\dimen130
\tc@lly=\dimen131
\tc@urx=\dimen132
\tc@ury=\dimen133
Package trimclip Info: Using driver 'tc-pdftex.def'.
("C:\Program Files (x86)\MiKTeX 2.9\tex\latex\adjustbox\tc-pdftex.def"
File: tc-pdftex.def 2012/05/13 v1.0 Clipping driver for pdftex
))
\adjbox@Width=\dimen134
\adjbox@Height=\dimen135
\adjbox@Depth=\dimen136
\adjbox@Totalheight=\dimen137
("C:\Program Files (x86)\MiKTeX 2.9\tex\latex\ifoddpage\ifoddpage.sty"
Package: ifoddpage 2011/09/13 v1.0 Conditionals for odd/even page detection
\c@checkoddpage=\count108
) ("C:\Program Files (x86)\MiKTeX 2.9\tex\latex\ltxmisc\varwidth.sty"
Package: varwidth 2009/03/30 ver 0.92;  Variable-width minipages
\@vwid@box=\box31
\sift@deathcycles=\count109
\@vwid@loff=\dimen138
\@vwid@roff=\dimen139
)) ("C:\Program Files (x86)\MiKTeX 2.9\tex\latex\enumitem\enumitem.sty"
Package: enumitem 2011/09/28 v3.5.2 Customized lists
\labelindent=\skip56
\enit@outerparindent=\dimen140
\enit@toks=\toks26
\enit@inbox=\box32
\enitdp@description=\count110
) ("C:\Program Files (x86)\MiKTeX 2.9\tex\latex\booktabs\booktabs.sty"
Package: booktabs 2005/04/14 v1.61803 publication quality tables
\heavyrulewidth=\dimen141
\lightrulewidth=\dimen142
\cmidrulewidth=\dimen143
\belowrulesep=\dimen144
\belowbottomsep=\dimen145
\aboverulesep=\dimen146
\abovetopsep=\dimen147
\cmidrulesep=\dimen148
\cmidrulekern=\dimen149
\defaultaddspace=\dimen150
\@cmidla=\count111
\@cmidlb=\count112
\@aboverulesep=\dimen151
\@belowrulesep=\dimen152
\@thisruleclass=\count113
\@lastruleclass=\count114
\@thisrulewidth=\dimen153
) ("C:\Program Files (x86)\MiKTeX 2.9\tex\latex\arydshln\arydshln.sty"
Package: arydshln 2004/08/31 v1.71 
\dashlinedash=\dimen154
\dashlinegap=\dimen155
\adl@box=\box33
\adl@height=\dimen156
\adl@heightsave=\dimen157
\adl@depth=\dimen158
\adl@depthsave=\dimen159
\adl@finaldepth=\dimen160
\adl@columns=\count115
\adl@ncol=\count116
\adl@currentcolumn=\count117
\adl@currentcolumnsave=\count118
\adl@totalheight=\count119
\adl@totalheightsave=\count120
\adl@dash=\count121
\adl@gap=\count122
\adl@cla=\count123
\adl@clb=\count124
\adl@everyvbox=\toks27
\adl@LTpagetotal=\dimen161
) ("C:\Program Files (x86)\MiKTeX 2.9\tex\latex\rotating\rotating.sty"
Package: rotating 2009/03/28 v2.16a rotated objects in LaTeX
("C:\Program Files (x86)\MiKTeX 2.9\tex\latex\base\ifthen.sty"
Package: ifthen 2014/09/29 v1.1c Standard LaTeX ifthen package (DPC)
)
\c@r@tfl@t=\count125
\rotFPtop=\skip57
\rotFPbot=\skip58
\rot@float@box=\box34
\rot@mess@toks=\toks28
) ("C:\Program Files (x86)\MiKTeX 2.9\tex\latex\hyphenat\hyphenat.sty"
Package: hyphenat 2009/09/02 v2.3c hyphenation utilities
\langwohyphens=\language70
LaTeX Info: Redefining \_ on input line 43.
) ("C:\Program Files (x86)\MiKTeX 2.9\tex\latex\tools\xspace.sty"
Package: xspace 2014/10/28 v1.13 Space after command names (DPC,MH)
) ("C:\Program Files (x86)\MiKTeX 2.9\tex\latex\sttools\stfloats.sty"
Package: stfloats 2012/05/29 v1.1 Improve float mechanism and baselineskip sett
ings
\@dblbotnum=\count126
\c@dblbotnumber=\count127
) ("C:\Program Files (x86)\MiKTeX 2.9\tex\latex\sttools\flushend.sty"
Package: flushend 2015/04/14 v3.1 Balancing columns in twocolumn mode
\flushend@@lastskip@a=\skip59
\flushend@@lastskip@b=\skip60
\flushend@@lastskip@c=\skip61
\flushend@@penalty@a=\count128
\flushend@@lastkern@a=\dimen162
\var@@temp@spread=\dimen163
\var@@temp@a=\dimen164
\flushend@@page@rule=\dimen165
\flushend@@varbox@a=\box35
\flushend@@varbox@c=\box36
\flushend@@tempbox@a=\box37
\flushend@@tempbox@c=\box38
\@viper=\box39
\hold@viper=\box40
\atColsBreak=\toks29
\atColsEnd=\toks30
("C:\Program Files (x86)\MiKTeX 2.9\tex\latex\etoolbox\etoolbox.sty"
Package: etoolbox 2015/08/02 v2.2a e-TeX tools for LaTeX (JAW)
\etb@tempcnta=\count129
)) ("C:\Program Files (x86)\MiKTeX 2.9\tex\latex\listings\listings.sty"
\lst@mode=\count130
\lst@gtempboxa=\box41
\lst@token=\toks31
\lst@length=\count131
\lst@currlwidth=\dimen166
\lst@column=\count132
\lst@pos=\count133
\lst@lostspace=\dimen167
\lst@width=\dimen168
\lst@newlines=\count134
\lst@lineno=\count135
\lst@maxwidth=\dimen169
("C:\Program Files (x86)\MiKTeX 2.9\tex\latex\listings\lstmisc.sty"
File: lstmisc.sty 2015/06/04 1.6 (Carsten Heinz)
\c@lstnumber=\count136
\lst@skipnumbers=\count137
\lst@framebox=\box42
) ("C:\Program Files (x86)\MiKTeX 2.9\tex\latex\listings\listings.cfg"
File: listings.cfg 2015/06/04 1.6 listings configuration
))
Package: listings 2015/06/04 1.6 (Carsten Heinz)
Package color Info: Redefining color cyan on input line 29.
Package color Info: Redefining color gray on input line 39.
("C:\Program Files (x86)\MiKTeX 2.9\tex\latex\listings\lstlang1.sty"
File: lstlang1.sty 2015/06/04 1.6 listings language file
) (thesis-main.aux)
LaTeX Font Info:    Checking defaults for OML/cmm/m/it on input line 76.
LaTeX Font Info:    ... okay on input line 76.
LaTeX Font Info:    Checking defaults for T1/cmr/m/n on input line 76.
LaTeX Font Info:    ... okay on input line 76.
LaTeX Font Info:    Checking defaults for OT1/cmr/m/n on input line 76.
LaTeX Font Info:    ... okay on input line 76.
LaTeX Font Info:    Checking defaults for OMS/cmsy/m/n on input line 76.
LaTeX Font Info:    ... okay on input line 76.
LaTeX Font Info:    Checking defaults for OMX/cmex/m/n on input line 76.
LaTeX Font Info:    ... okay on input line 76.
LaTeX Font Info:    Checking defaults for U/cmr/m/n on input line 76.
LaTeX Font Info:    ... okay on input line 76.
("C:\Program Files (x86)\MiKTeX 2.9\tex\context\base\supp-pdf.mkii"
[Loading MPS to PDF converter (version 2006.09.02).]
\scratchcounter=\count138
\scratchdimen=\dimen170
\scratchbox=\box43
\nofMPsegments=\count139
\nofMParguments=\count140
\everyMPshowfont=\toks32
\MPscratchCnt=\count141
\MPscratchDim=\dimen171
\MPnumerator=\count142
\makeMPintoPDFobject=\count143
\everyMPtoPDFconversion=\toks33
)
Package caption Info: Begin \AtBeginDocument code.
Package caption Info: listings package is loaded.
Package caption Info: rotating package is loaded.
Package caption Info: End \AtBeginDocument code.
\c@lstlisting=\count144
(cover.tex
LaTeX Font Info:    Try loading font information for U+msa on input line 16.
("C:\Program Files (x86)\MiKTeX 2.9\tex\latex\amsfonts\umsa.fd"
File: umsa.fd 2013/01/14 v3.01 AMS symbols A
)
LaTeX Font Info:    Try loading font information for U+msb on input line 16.
("C:\Program Files (x86)\MiKTeX 2.9\tex\latex\amsfonts\umsb.fd"
File: umsb.fd 2013/01/14 v3.01 AMS symbols B
) <figs/Logo_IST_web.pdf, id=1, 845.0471pt x 597.51233pt>
File: figs/Logo_IST_web.pdf Graphic file (type pdf)
<use figs/Logo_IST_web.pdf>
Package pdftex.def Info: figs/Logo_IST_web.pdf used on input line 17.
(pdftex.def)             Requested size: 256.0748pt x 181.0603pt.

Overfull \vbox (48.87656pt too high) detected at line 21
 []


Overfull \vbox (1.90443pt too high) detected at line 52
 []


Overfull \vbox (7.72516pt too high) detected at line 62
 []


Overfull \vbox (16.6189pt too high) detected at line 87
 []


Underfull \vbox (badness 10000) detected at line 89
 []

[1

pdfTeX warning: pdflatex: pop empty color page stack 0

{C:/Users/João/AppData/Local/MiKTeX/2.9/pdftex/config/pdftex.map} <./figs/Logo
_IST_web.pdf>] [2

] [3] [4

] [5

] [6

] [7

] [8

] [9] [10

] [11] [12

] (thesis-main.toc [1

] [2])
\tf@toc=\write3
[3] [4

] (thesis-main.lof)
\tf@lof=\write4
[5] [6

] (thesis-main.lot)
\tf@lot=\write5
[7] [8

]) (acronyms.tex [9

]) (chapters/1-introduction.tex [1] [2

]
Chapter 1.
LaTeX Font Info:    Try loading font information for OT1+pcr on input line 6.
("C:\Program Files (x86)\MiKTeX 2.9\tex\latex\psnfss\ot1pcr.fd"
File: ot1pcr.fd 2001/06/04 font definitions for OT1/pcr.
) [3] [4]
LaTeX Font Info:    Try loading font information for OMS+cmr on input line 26.
("C:\Program Files (x86)\MiKTeX 2.9\tex\latex\base\omscmr.fd"
File: omscmr.fd 2014/09/29 v2.5h Standard LaTeX font definitions
)
LaTeX Font Info:    Font shape `OMS/cmr/m/n' in size <10.95> not available
(Font)              Font shape `OMS/cmsy/m/n' tried instead on input line 26.
[5] [6] [7]
LaTeX Font Info:    Try loading font information for OMS+pcr on input line 87.
("C:\Program Files (x86)\MiKTeX 2.9\tex\latex\psnfss\omspcr.fd"
File: omspcr.fd 
)
LaTeX Font Info:    Font shape `OMS/pcr/m/n' in size <10.95> not available
(Font)              Font shape `OMS/cmsy/m/n' tried instead on input line 87.

Underfull \vbox (badness 1048) has occurred while \output is active []

[8] [9]) (chapters/2-relatedwork.tex [10]
Chapter 2.
[11

]
Package epstopdf Info: Source file: <figs/cifc-model.eps>
(epstopdf)                    date: 2015-09-22 00:33:52
(epstopdf)                    size: 122731 bytes
(epstopdf)             Output file: <figs/cifc-model-eps-converted-to.pdf>
(epstopdf)                    date: 2015-09-22 00:33:52
(epstopdf)                    size: 38431 bytes
(epstopdf)             Command: <epstopdf --outfile=figs/cifc-model-eps-convert
ed-to.pdf figs/cifc-model.eps>
(epstopdf)             \includegraphics on input line 31.
Package epstopdf Info: Output file is already uptodate.
<figs/cifc-model-eps-converted-to.pdf, id=133, 450.68375pt x 262.9825pt>
File: figs/cifc-model-eps-converted-to.pdf Graphic file (type pdf)
<use figs/cifc-model-eps-converted-to.pdf>
Package pdftex.def Info: figs/cifc-model-eps-converted-to.pdf used on input lin
e 31.
(pdftex.def)             Requested size: 318.66946pt x 185.96045pt.
[12] [13 <./figs/cifc-model-eps-converted-to.pdf>]
Package epstopdf Info: Source file: <figs/difc-model.eps>
(epstopdf)                    date: 2015-09-22 00:33:52
(epstopdf)                    size: 82405 bytes
(epstopdf)             Output file: <figs/difc-model-eps-converted-to.pdf>
(epstopdf)                    date: 2015-09-22 00:33:52
(epstopdf)                    size: 32031 bytes
(epstopdf)             Command: <epstopdf --outfile=figs/difc-model-eps-convert
ed-to.pdf figs/difc-model.eps>
(epstopdf)             \includegraphics on input line 51.
Package epstopdf Info: Output file is already uptodate.
<figs/difc-model-eps-converted-to.pdf, id=147, 467.7475pt x 387.4475pt>
File: figs/difc-model-eps-converted-to.pdf Graphic file (type pdf)
<use figs/difc-model-eps-converted-to.pdf>
Package pdftex.def Info: figs/difc-model-eps-converted-to.pdf used on input lin
e 51.
(pdftex.def)             Requested size: 318.66946pt x 263.97514pt.
[14]
Underfull \vbox (badness 1831) has occurred while \output is active []

[15 <./figs/difc-model-eps-converted-to.pdf>]
Underfull \vbox (badness 4479) has occurred while \output is active []

[16] [17] [18] [19] [20] [21] [22]
Package epstopdf Info: Source file: <figs/taintdroid-arch.eps>
(epstopdf)                    date: 2015-09-22 00:33:54
(epstopdf)                    size: 50542 bytes
(epstopdf)             Output file: <figs/taintdroid-arch-eps-converted-to.pdf>

(epstopdf)                    date: 2015-09-23 00:02:33
(epstopdf)                    size: 41700 bytes
(epstopdf)             Command: <epstopdf --outfile=figs/taintdroid-arch-eps-co
nverted-to.pdf figs/taintdroid-arch.eps>
(epstopdf)             \includegraphics on input line 159.
Package epstopdf Info: Output file is already uptodate.
<figs/taintdroid-arch-eps-converted-to.pdf, id=192, 867.24pt x 377.41pt>
File: figs/taintdroid-arch-eps-converted-to.pdf Graphic file (type pdf)
<use figs/taintdroid-arch-eps-converted-to.pdf>
Package pdftex.def Info: figs/taintdroid-arch-eps-converted-to.pdf used on inpu
t line 159.
(pdftex.def)             Requested size: 318.66946pt x 138.67778pt.
[23 <./figs/taintdroid-arch-eps-converted-to.pdf>]
Package epstopdf Info: Source file: <figs/taintdroid-arch-2.eps>
(epstopdf)                    date: 2015-09-22 00:33:54
(epstopdf)                    size: 77636 bytes
(epstopdf)             Output file: <figs/taintdroid-arch-2-eps-converted-to.pd
f>
(epstopdf)                    date: 2015-09-23 00:02:33
(epstopdf)                    size: 79379 bytes
(epstopdf)             Command: <epstopdf --outfile=figs/taintdroid-arch-2-eps-
converted-to.pdf figs/taintdroid-arch-2.eps>
(epstopdf)             \includegraphics on input line 170.
Package epstopdf Info: Output file is already uptodate.
<figs/taintdroid-arch-2-eps-converted-to.pdf, id=199, 840.13875pt x 546.04pt>
File: figs/taintdroid-arch-2-eps-converted-to.pdf Graphic file (type pdf)
<use figs/taintdroid-arch-2-eps-converted-to.pdf>
Package pdftex.def Info: figs/taintdroid-arch-2-eps-converted-to.pdf used on in
put line 170.
(pdftex.def)             Requested size: 318.66946pt x 207.11409pt.
[24] [25 <./figs/taintdroid-arch-2-eps-converted-to.pdf>]
Package epstopdf Info: Source file: <figs/aurasium-arch.eps>
(epstopdf)                    date: 2015-09-22 00:33:54
(epstopdf)                    size: 54923 bytes
(epstopdf)             Output file: <figs/aurasium-arch-eps-converted-to.pdf>
(epstopdf)                    date: 2015-09-23 00:02:34
(epstopdf)                    size: 58772 bytes
(epstopdf)             Command: <epstopdf --outfile=figs/aurasium-arch-eps-conv
erted-to.pdf figs/aurasium-arch.eps>
(epstopdf)             \includegraphics on input line 187.
Package epstopdf Info: Output file is already uptodate.
<figs/aurasium-arch-eps-converted-to.pdf, id=209, 662.475pt x 452.69125pt>
File: figs/aurasium-arch-eps-converted-to.pdf Graphic file (type pdf)
<use figs/aurasium-arch-eps-converted-to.pdf>
Package pdftex.def Info: figs/aurasium-arch-eps-converted-to.pdf used on input 
line 187.
(pdftex.def)             Requested size: 318.66946pt x 217.75212pt.
Package epstopdf Info: Source file: <figs/aurasium-policy.eps>
(epstopdf)                    date: 2015-09-22 00:33:54
(epstopdf)                    size: 152833 bytes
(epstopdf)             Output file: <figs/aurasium-policy-eps-converted-to.pdf>

(epstopdf)                    date: 2015-09-23 00:02:35
(epstopdf)                    size: 136764 bytes
(epstopdf)             Command: <epstopdf --outfile=figs/aurasium-policy-eps-co
nverted-to.pdf figs/aurasium-policy.eps>
(epstopdf)             \includegraphics on input line 197.
Package epstopdf Info: Output file is already uptodate.
<figs/aurasium-policy-eps-converted-to.pdf, id=210, 405.515pt x 356.33125pt>
File: figs/aurasium-policy-eps-converted-to.pdf Graphic file (type pdf)
<use figs/aurasium-policy-eps-converted-to.pdf>
Package pdftex.def Info: figs/aurasium-policy-eps-converted-to.pdf used on inpu
t line 197.
(pdftex.def)             Requested size: 227.62204pt x 200.01717pt.
Package epstopdf Info: Source file: <figs/aurasium-repackaging.eps>
(epstopdf)                    date: 2015-09-22 00:33:54
(epstopdf)                    size: 50266 bytes
(epstopdf)             Output file: <figs/aurasium-repackaging-eps-converted-to
.pdf>
(epstopdf)                    date: 2015-09-23 00:02:35
(epstopdf)                    size: 55968 bytes
(epstopdf)             Command: <epstopdf --outfile=figs/aurasium-repackaging-e
ps-converted-to.pdf figs/aurasium-repackaging.eps>
(epstopdf)             \includegraphics on input line 206.
Package epstopdf Info: Output file is already uptodate.

<figs/aurasium-repackaging-eps-converted-to.pdf, id=211, 700.6175pt x 361.35pt>
File: figs/aurasium-repackaging-eps-converted-to.pdf Graphic file (type pdf)
<use figs/aurasium-repackaging-eps-converted-to.pdf>
Package pdftex.def Info: figs/aurasium-repackaging-eps-converted-to.pdf used on
 input line 206.
(pdftex.def)             Requested size: 318.66946pt x 164.35936pt.
[26 <./figs/aurasium-arch-eps-converted-to.pdf>] [27 <./figs/aurasium-policy-ep
s-converted-to.pdf> <./figs/aurasium-repackaging-eps-converted-to.pdf>]) (chapt
ers/3-arch.tex [28]
Chapter 3.
[29

] <figs/floodgate-arch.png, id=234, 882.29625pt x 382.42876pt>
File: figs/floodgate-arch.png Graphic file (type png)
<use figs/floodgate-arch.png>
Package pdftex.def Info: figs/floodgate-arch.png used on input line 21.
(pdftex.def)             Requested size: 455.24408pt x 197.32355pt.
Package epstopdf Info: Source file: <figs/floodgate-mobile-blocks.eps>
(epstopdf)                    date: 2015-09-22 00:33:54
(epstopdf)                    size: 41247 bytes
(epstopdf)             Output file: <figs/floodgate-mobile-blocks-eps-converted
-to.pdf>
(epstopdf)                    date: 2015-09-23 00:02:36
(epstopdf)                    size: 41772 bytes
(epstopdf)             Command: <epstopdf --outfile=figs/floodgate-mobile-block
s-eps-converted-to.pdf figs/floodgate-mobile-blocks.eps>
(epstopdf)             \includegraphics on input line 38.
Package epstopdf Info: Output file is already uptodate.

<figs/floodgate-mobile-blocks-eps-converted-to.pdf, id=236, 756.8275pt x 358.33
875pt>
File: figs/floodgate-mobile-blocks-eps-converted-to.pdf Graphic file (type pdf)

<use figs/floodgate-mobile-blocks-eps-converted-to.pdf>
Package pdftex.def Info: figs/floodgate-mobile-blocks-eps-converted-to.pdf used
 on input line 38.
(pdftex.def)             Requested size: 273.14922pt x 129.32991pt.
[30 <./figs/floodgate-arch.png>] [31 <./figs/floodgate-mobile-blocks-eps-conver
ted-to.pdf>]
Package epstopdf Info: Source file: <figs/floodgate-server-blocks.eps>
(epstopdf)                    date: 2015-09-22 00:33:54
(epstopdf)                    size: 47075 bytes
(epstopdf)             Output file: <figs/floodgate-server-blocks-eps-converted
-to.pdf>
(epstopdf)                    date: 2015-09-23 00:02:36
(epstopdf)                    size: 48452 bytes
(epstopdf)             Command: <epstopdf --outfile=figs/floodgate-server-block
s-eps-converted-to.pdf figs/floodgate-server-blocks.eps>
(epstopdf)             \includegraphics on input line 64.
Package epstopdf Info: Output file is already uptodate.

<figs/floodgate-server-blocks-eps-converted-to.pdf, id=247, 726.715pt x 417.56p
t>
File: figs/floodgate-server-blocks-eps-converted-to.pdf Graphic file (type pdf)

<use figs/floodgate-server-blocks-eps-converted-to.pdf>
Package pdftex.def Info: figs/floodgate-server-blocks-eps-converted-to.pdf used
 on input line 64.
(pdftex.def)             Requested size: 273.14922pt x 156.94777pt.

Underfull \vbox (badness 4328) has occurred while \output is active []

[32] [33 <./figs/floodgate-server-blocks-eps-converted-to.pdf>] [34]) (chapters
/4-impl.tex [35] [36

]
Chapter 4.
[37] [38] [39] [40]
Underfull \vbox (badness 10000) has occurred while \output is active []

[41] [42]
Underfull \vbox (badness 5563) has occurred while \output is active []

[43]) (chapters/5-evaluation.tex [44]
Chapter 5.
[45

] [46]
Package epstopdf Info: Source file: <figs/mobile-performance.eps>
(epstopdf)                    date: 2015-09-22 00:33:54
(epstopdf)                    size: 27019 bytes
(epstopdf)             Output file: <figs/mobile-performance-eps-converted-to.p
df>
(epstopdf)                    date: 2015-09-23 00:02:37
(epstopdf)                    size: 24793 bytes
(epstopdf)             Command: <epstopdf --outfile=figs/mobile-performance-eps
-converted-to.pdf figs/mobile-performance.eps>
(epstopdf)             \includegraphics on input line 52.
Package epstopdf Info: Output file is already uptodate.
<figs/mobile-performance-eps-converted-to.pdf, id=301, 642.4pt x 481.8pt>
File: figs/mobile-performance-eps-converted-to.pdf Graphic file (type pdf)
<use figs/mobile-performance-eps-converted-to.pdf>
Package pdftex.def Info: figs/mobile-performance-eps-converted-to.pdf used on i
nput line 52.
(pdftex.def)             Requested size: 455.24408pt x 341.4408pt.
[47]
Package epstopdf Info: Source file: <figs/server-performance.eps>
(epstopdf)                    date: 2015-09-22 00:33:54
(epstopdf)                    size: 34699 bytes
(epstopdf)             Output file: <figs/server-performance-eps-converted-to.p
df>
(epstopdf)                    date: 2015-09-23 00:02:38
(epstopdf)                    size: 46275 bytes
(epstopdf)             Command: <epstopdf --outfile=figs/server-performance-eps
-converted-to.pdf figs/server-performance.eps>
(epstopdf)             \includegraphics on input line 67.
Package epstopdf Info: Output file is already uptodate.
<figs/server-performance-eps-converted-to.pdf, id=305, 642.4pt x 481.8pt>
File: figs/server-performance-eps-converted-to.pdf Graphic file (type pdf)
<use figs/server-performance-eps-converted-to.pdf>
Package pdftex.def Info: figs/server-performance-eps-converted-to.pdf used on i
nput line 67.
(pdftex.def)             Requested size: 455.24408pt x 341.4408pt.
[48 <./figs/mobile-performance-eps-converted-to.pdf>]
Package epstopdf Info: Source file: <figs/server-memory.eps>
(epstopdf)                    date: 2015-09-22 00:33:52
(epstopdf)                    size: 34984 bytes
(epstopdf)             Output file: <figs/server-memory-eps-converted-to.pdf>
(epstopdf)                    date: 2015-09-23 00:02:38
(epstopdf)                    size: 51305 bytes
(epstopdf)             Command: <epstopdf --outfile=figs/server-memory-eps-conv
erted-to.pdf figs/server-memory.eps>
(epstopdf)             \includegraphics on input line 76.
Package epstopdf Info: Output file is already uptodate.
<figs/server-memory-eps-converted-to.pdf, id=312, 642.4pt x 481.8pt>
File: figs/server-memory-eps-converted-to.pdf Graphic file (type pdf)
<use figs/server-memory-eps-converted-to.pdf>
Package pdftex.def Info: figs/server-memory-eps-converted-to.pdf used on input 
line 76.
(pdftex.def)             Requested size: 455.24408pt x 341.4408pt.

Underfull \vbox (badness 10000) has occurred while \output is active []

[49 <./figs/server-performance-eps-converted-to.pdf>] [50 <./figs/server-memory
-eps-converted-to.pdf>]
Package epstopdf Info: Source file: <figs/mobile-server-latency.eps>
(epstopdf)                    date: 2015-09-22 00:33:54
(epstopdf)                    size: 22526 bytes
(epstopdf)             Output file: <figs/mobile-server-latency-eps-converted-t
o.pdf>
(epstopdf)                    date: 2015-09-23 00:02:39
(epstopdf)                    size: 20858 bytes
(epstopdf)             Command: <epstopdf --outfile=figs/mobile-server-latency-
eps-converted-to.pdf figs/mobile-server-latency.eps>
(epstopdf)             \includegraphics on input line 98.
Package epstopdf Info: Output file is already uptodate.
<figs/mobile-server-latency-eps-converted-to.pdf, id=325, 642.4pt x 481.8pt>
File: figs/mobile-server-latency-eps-converted-to.pdf Graphic file (type pdf)
<use figs/mobile-server-latency-eps-converted-to.pdf>
Package pdftex.def Info: figs/mobile-server-latency-eps-converted-to.pdf used o
n input line 98.
(pdftex.def)             Requested size: 455.24408pt x 341.4408pt.
[51 <./figs/mobile-server-latency-eps-converted-to.pdf>] [52]
Package epstopdf Info: Source file: <figs/database-performance.eps>
(epstopdf)                    date: 2015-09-22 00:33:52
(epstopdf)                    size: 22705 bytes
(epstopdf)             Output file: <figs/database-performance-eps-converted-to
.pdf>
(epstopdf)                    date: 2015-09-23 00:02:39
(epstopdf)                    size: 20370 bytes
(epstopdf)             Command: <epstopdf --outfile=figs/database-performance-e
ps-converted-to.pdf figs/database-performance.eps>
(epstopdf)             \includegraphics on input line 121.
Package epstopdf Info: Output file is already uptodate.
<figs/database-performance-eps-converted-to.pdf, id=336, 642.4pt x 481.8pt>
File: figs/database-performance-eps-converted-to.pdf Graphic file (type pdf)
<use figs/database-performance-eps-converted-to.pdf>
Package pdftex.def Info: figs/database-performance-eps-converted-to.pdf used on
 input line 121.
(pdftex.def)             Requested size: 455.24408pt x 341.4408pt.
[53 <./figs/database-performance-eps-converted-to.pdf>] [54]) (chapters/6-concl
usions.tex [55] [56

]
Chapter 6.
) (thesis-main.bbl [57] [58

] [59] [60]) [61] (thesis-main.aux) ) 
Here is how much of TeX's memory you used:
 8320 strings out of 493673
 122140 string characters out of 3141530
 227977 words of memory out of 3000000
 11383 multiletter control sequences out of 15000+200000
 20056 words of font info for 75 fonts, out of 3000000 for 9000
 1025 hyphenation exceptions out of 8191
 42i,14n,78p,1863b,1210s stack positions out of 5000i,500n,10000p,200000b,50000s
{C:/Program Files (x86)/MiKTeX 2.9/fonts/e
nc/dvips/fontname/8r.enc} <C:\Users\João\AppData\Local\MiKTeX\2.9\fonts\pk\ljf
our\public\cmbright\dpi1707\cmbr8.pk><C:/Program Files (x86)/MiKTeX 2.9/fonts/t
ype1/public/amsfonts/cm/cmbx10.pfb><C:/Program Files (x86)/MiKTeX 2.9/fonts/typ
e1/public/amsfonts/cm/cmbx12.pfb><C:/Program Files (x86)/MiKTeX 2.9/fonts/type1
/public/amsfonts/cm/cmbxti10.pfb><C:/Program Files (x86)/MiKTeX 2.9/fonts/type1
/public/amsfonts/cm/cmr10.pfb><C:/Program Files (x86)/MiKTeX 2.9/fonts/type1/pu
blic/amsfonts/cm/cmr12.pfb><C:/Program Files (x86)/MiKTeX 2.9/fonts/type1/publi
c/amsfonts/cm/cmr6.pfb><C:/Program Files (x86)/MiKTeX 2.9/fonts/type1/public/am
sfonts/cm/cmr8.pfb><C:/Program Files (x86)/MiKTeX 2.9/fonts/type1/public/amsfon
ts/cm/cmr9.pfb><C:/Program Files (x86)/MiKTeX 2.9/fonts/type1/public/amsfonts/c
m/cmsl10.pfb><C:/Program Files (x86)/MiKTeX 2.9/fonts/type1/public/amsfonts/cm/
cmsy10.pfb><C:/Program Files (x86)/MiKTeX 2.9/fonts/type1/public/amsfonts/cm/cm
ti10.pfb><C:/Program Files (x86)/MiKTeX 2.9/fonts/type1/public/amsfonts/cm/cmti
9.pfb><C:/Program Files (x86)/MiKTeX 2.9/fonts/type1/public/amsfonts/euler/eurm
10.pfb><C:/Program Files (x86)/MiKTeX 2.9/fonts/type1/urw/courier/ucrr8a.pfb>
Output written on C:/Users/João/Documents/GitHub/Dissertation/thesis-main.pdf 
(82 pages, 1245801 bytes).
PDF statistics:
 452 PDF objects out of 1000 (max. 8388607)
 0 named destinations out of 1000 (max. 500000)
 81 words of extra memory for PDF output out of 10000 (max. 10000000)

